TN:
SF:src\lib\Calendar.ts
FN:34,constructor
FN:88,(anonymous_1)
FN:93,(anonymous_2)
FN:102,(anonymous_3)
FN:121,(anonymous_4)
FN:130,(anonymous_5)
FN:134,(anonymous_6)
FN:138,(anonymous_7)
FN:142,(anonymous_8)
FN:155,(anonymous_9)
FN:159,(anonymous_10)
FN:165,(anonymous_11)
FN:169,(anonymous_12)
FN:173,dispose
FN:174,(anonymous_14)
FNF:15
FNH:0
FNDA:0,constructor
FNDA:0,(anonymous_1)
FNDA:0,(anonymous_2)
FNDA:0,(anonymous_3)
FNDA:0,(anonymous_4)
FNDA:0,(anonymous_5)
FNDA:0,(anonymous_6)
FNDA:0,(anonymous_7)
FNDA:0,(anonymous_8)
FNDA:0,(anonymous_9)
FNDA:0,(anonymous_10)
FNDA:0,(anonymous_11)
FNDA:0,(anonymous_12)
FNDA:0,dispose
FNDA:0,(anonymous_14)
DA:21,0
DA:35,0
DA:39,0
DA:40,0
DA:41,0
DA:42,0
DA:43,0
DA:46,0
DA:47,0
DA:48,0
DA:49,0
DA:52,0
DA:53,0
DA:54,0
DA:57,0
DA:60,0
DA:85,0
DA:89,0
DA:90,0
DA:93,0
DA:98,0
DA:102,0
DA:112,0
DA:121,0
DA:130,0
DA:131,0
DA:134,0
DA:135,0
DA:138,0
DA:139,0
DA:142,0
DA:143,0
DA:145,0
DA:146,0
DA:148,0
DA:149,0
DA:150,0
DA:155,0
DA:156,0
DA:159,0
DA:160,0
DA:165,0
DA:166,0
DA:169,0
DA:170,0
DA:174,0
DA:175,0
DA:176,0
DA:179,0
LF:49
LH:0
BRDA:49,0,0,0
BRDA:49,0,1,0
BRDA:145,1,0,0
BRDA:145,1,1,0
BRDA:148,2,0,0
BRDA:148,2,1,0
BRDA:176,3,0,0
BRDA:176,3,1,0
BRF:8
BRH:0
end_of_record
TN:
SF:src\lib\DOMElements.ts
FNF:0
FNH:0
DA:1,0
DA:4,0
DA:5,0
DA:6,0
DA:10,0
DA:12,0
DA:14,0
DA:15,0
DA:16,0
DA:17,0
DA:18,0
DA:20,0
DA:21,0
DA:22,0
LF:14
LH:0
BRF:0
BRH:0
end_of_record
TN:
SF:src\lib\main.ts
FN:26,newProject
FN:44,newCalendar
FN:63,(anonymous_2)
FN:67,(anonymous_3)
FN:77,(anonymous_4)
FN:80,(anonymous_5)
FNF:6
FNH:0
FNDA:0,newProject
FNDA:0,newCalendar
FNDA:0,(anonymous_2)
FNDA:0,(anonymous_3)
FNDA:0,(anonymous_4)
FNDA:0,(anonymous_5)
DA:21,0
DA:27,0
DA:37,0
DA:39,0
DA:41,0
DA:45,0
DA:46,0
DA:47,0
DA:50,0
DA:61,0
DA:64,0
DA:67,0
DA:68,0
DA:69,0
DA:73,0
DA:74,0
DA:77,0
DA:78,0
DA:80,0
DA:81,0
DA:85,0
DA:88,0
DA:90,0
DA:92,0
DA:95,0
DA:96,0
DA:99,0
LF:27
LH:0
BRDA:33,0,0,0
BRDA:33,0,1,0
BRDA:46,1,0,0
BRDA:46,1,1,0
BRDA:95,2,0,0
BRDA:95,2,1,0
BRF:6
BRH:0
end_of_record
TN:
SF:src\lib\animations\animateControlsContainer.ts
FN:3,animateControlsContainer
FN:16,(anonymous_1)
FN:17,(anonymous_2)
FN:27,(anonymous_3)
FN:28,(anonymous_4)
FNF:5
FNH:0
FNDA:0,animateControlsContainer
FNDA:0,(anonymous_1)
FNDA:0,(anonymous_2)
FNDA:0,(anonymous_3)
FNDA:0,(anonymous_4)
DA:7,0
DA:9,0
DA:11,0
DA:12,0
DA:14,0
DA:15,0
DA:16,0
DA:17,0
DA:19,0
DA:20,0
DA:23,0
DA:25,0
DA:26,0
DA:27,0
DA:28,0
DA:30,0
DA:36,0
LF:17
LH:0
BRDA:11,0,0,0
BRDA:11,0,1,0
BRDA:14,1,0,0
BRDA:14,1,1,0
BRDA:25,2,0,0
BRDA:25,2,1,0
BRF:6
BRH:0
end_of_record
TN:
SF:src\lib\animations\animateCropControlsContainer.ts
FN:3,animateCropControlsContainer
FNF:1
FNH:0
FNDA:0,animateCropControlsContainer
DA:7,0
DA:9,0
DA:10,0
DA:12,0
LF:4
LH:0
BRDA:9,0,0,0
BRDA:9,0,1,0
BRF:2
BRH:0
end_of_record
TN:
SF:src\lib\animations\animateNewProjectOverlay.ts
FN:3,animateNewProjectOverlay
FNF:1
FNH:0
FNDA:0,animateNewProjectOverlay
DA:8,0
DA:9,0
DA:10,0
DA:12,0
DA:14,0
DA:15,0
DA:17,0
DA:19,0
DA:21,0
DA:28,0
LF:10
LH:0
BRDA:8,0,0,0
BRDA:8,0,1,0
BRF:2
BRH:0
end_of_record
TN:
SF:src\lib\animations\animateTriggerBtn.ts
FN:3,animateTriggerBtn
FNF:1
FNH:0
FNDA:0,animateTriggerBtn
DA:4,0
DA:5,0
DA:7,0
DA:8,0
DA:10,0
DA:12,0
DA:13,0
DA:25,0
DA:26,0
DA:38,0
DA:50,0
DA:51,0
LF:12
LH:0
BRDA:12,0,0,0
BRDA:12,0,1,0
BRDA:25,1,0,0
BRDA:25,1,1,0
BRDA:50,2,0,0
BRDA:50,2,1,0
BRF:6
BRH:0
end_of_record
TN:
SF:src\lib\entities\DownloadManager.ts
FN:29,constructor
FN:31,downloadCurrentJPG
FN:59,(anonymous_2)
FN:82,downloadPDF
FN:120,(anonymous_4)
FN:156,getFileName
FN:186,downloadElement
FNF:7
FNH:0
FNDA:0,constructor
FNDA:0,downloadCurrentJPG
FNDA:0,(anonymous_2)
FNDA:0,downloadPDF
FNDA:0,(anonymous_4)
FNDA:0,getFileName
FNDA:0,downloadElement
DA:29,0
DA:32,0
DA:34,0
DA:35,0
DA:36,0
DA:38,0
DA:39,0
DA:41,0
DA:43,0
DA:45,0
DA:48,0
DA:59,0
DA:61,0
DA:62,0
DA:65,0
DA:69,0
DA:71,0
DA:72,0
DA:74,0
DA:76,0
DA:78,0
DA:83,0
DA:85,0
DA:93,0
DA:95,0
DA:98,0
DA:102,0
DA:107,0
DA:108,0
DA:110,0
DA:111,0
DA:112,0
DA:115,0
DA:118,0
DA:120,0
DA:122,0
DA:123,0
DA:124,0
DA:126,0
DA:127,0
DA:136,0
DA:146,0
DA:148,0
DA:150,0
DA:152,0
DA:157,0
DA:158,0
DA:159,0
DA:161,0
DA:162,0
DA:164,0
DA:165,0
DA:167,0
DA:168,0
DA:172,0
DA:175,0
DA:177,0
DA:178,0
DA:180,0
DA:181,0
DA:183,0
DA:187,0
DA:188,0
DA:189,0
DA:190,0
DA:191,0
LF:66
LH:0
BRDA:41,0,0,0
BRDA:41,0,1,0
BRDA:61,1,0,0
BRDA:61,1,1,0
BRDA:98,2,0,0
BRDA:98,2,1,0
BRDA:102,3,0,0
BRDA:102,3,1,0
BRDA:111,4,0,0
BRDA:111,4,1,0
BRDA:118,5,0,0
BRDA:118,5,1,0
BRDA:122,6,0,0
BRDA:122,6,1,0
BRDA:146,7,0,0
BRDA:146,7,1,0
BRDA:157,8,0,0
BRDA:157,8,1,0
BRDA:157,9,0,0
BRDA:157,9,1,0
BRF:20
BRH:0
end_of_record
TN:
SF:src\lib\entities\ImageCropper.ts
FN:28,constructor
FN:54,(anonymous_1)
FN:55,(anonymous_2)
FN:58,isActive
FN:62,start
FN:69,(anonymous_5)
FN:91,(anonymous_6)
FN:100,(anonymous_7)
FN:141,updateCropperPosition
FN:153,applyCrop
FN:185,removeCropper
FN:205,dispose
FNF:12
FNH:0
FNDA:0,constructor
FNDA:0,(anonymous_1)
FNDA:0,(anonymous_2)
FNDA:0,isActive
FNDA:0,start
FNDA:0,(anonymous_5)
FNDA:0,(anonymous_6)
FNDA:0,(anonymous_7)
FNDA:0,updateCropperPosition
FNDA:0,applyCrop
FNDA:0,removeCropper
FNDA:0,dispose
DA:26,0
DA:29,0
DA:30,0
DA:32,0
DA:34,0
DA:40,0
DA:47,0
DA:54,0
DA:55,0
DA:59,0
DA:63,0
DA:64,0
DA:65,0
DA:67,0
DA:68,0
DA:69,0
DA:71,0
DA:73,0
DA:82,0
DA:83,0
DA:85,0
DA:92,0
DA:93,0
DA:97,0
DA:101,0
DA:103,0
DA:104,0
DA:106,0
DA:111,0
DA:112,0
DA:113,0
DA:117,0
DA:120,0
DA:121,0
DA:122,0
DA:124,0
DA:125,0
DA:130,0
DA:131,0
DA:133,0
DA:135,0
DA:137,0
DA:142,0
DA:144,0
DA:146,0
DA:147,0
DA:148,0
DA:149,0
DA:150,0
DA:154,0
DA:156,0
DA:164,0
DA:167,0
DA:169,0
DA:170,0
DA:173,0
DA:174,0
DA:176,0
DA:178,0
DA:180,0
DA:182,0
DA:186,0
DA:188,0
DA:189,0
DA:190,0
DA:191,0
DA:193,0
DA:195,0
DA:196,0
DA:197,0
DA:198,0
DA:201,0
DA:202,0
DA:206,0
DA:207,0
LF:75
LH:0
BRDA:63,0,0,0
BRDA:63,0,1,0
BRDA:92,1,0,0
BRDA:92,1,1,0
BRDA:101,2,0,0
BRDA:101,2,1,0
BRDA:111,3,0,0
BRDA:111,3,1,0
BRDA:112,4,0,0
BRDA:112,4,1,0
BRDA:120,5,0,0
BRDA:120,5,1,0
BRDA:142,6,0,0
BRDA:142,6,1,0
BRDA:142,7,0,0
BRDA:142,7,1,0
BRDA:154,8,0,0
BRDA:154,8,1,0
BRDA:154,9,0,0
BRDA:154,9,1,0
BRDA:174,10,0,0
BRDA:174,10,1,0
BRDA:186,11,0,0
BRDA:186,11,1,0
BRDA:186,12,0,0
BRDA:186,12,1,0
BRDA:195,13,0,0
BRDA:195,13,1,0
BRF:28
BRH:0
end_of_record
TN:
SF:src\lib\entities\LoadingOverlay.ts
FN:8,mount
FN:23,show
FN:30,hide
FNF:3
FNH:0
FNDA:0,mount
FNDA:0,show
FNDA:0,hide
DA:5,0
DA:6,0
DA:9,0
DA:10,0
DA:12,0
DA:24,0
DA:25,0
DA:26,0
DA:31,0
DA:32,0
DA:33,0
LF:11
LH:0
BRDA:9,0,0,0
BRDA:9,0,1,0
BRDA:25,1,0,0
BRDA:25,1,1,0
BRDA:32,2,0,0
BRDA:32,2,1,0
BRF:6
BRH:0
end_of_record
TN:
SF:src\lib\entities\UploadManager.ts
FN:21,constructor
FN:23,uploadSingleImage
FN:40,uploadMultipleImages
FN:48,(anonymous_3)
FN:60,processSingleFile
FNF:5
FNH:4
FNDA:3,constructor
FNDA:1,uploadSingleImage
FNDA:1,uploadMultipleImages
FNDA:1,(anonymous_3)
FNDA:0,processSingleFile
DA:19,3
DA:21,3
DA:24,1
DA:26,0
DA:27,0
DA:28,0
DA:30,0
DA:32,0
DA:33,0
DA:34,0
DA:36,0
DA:41,1
DA:42,1
DA:44,1
DA:46,1
DA:47,1
DA:48,1
DA:49,1
DA:50,1
DA:51,0
DA:54,1
DA:56,1
DA:65,0
DA:66,0
DA:72,0
DA:74,0
DA:75,0
DA:77,0
DA:79,0
DA:90,0
DA:96,0
DA:98,0
DA:101,0
LF:33
LH:13
BRDA:24,0,0,1
BRDA:24,0,1,0
BRDA:24,1,0,1
BRDA:24,1,1,1
BRDA:30,2,0,0
BRDA:30,2,1,0
BRDA:40,3,0,1
BRDA:41,4,0,0
BRDA:41,4,1,1
BRDA:41,5,0,1
BRDA:41,5,1,1
BRDA:42,6,0,0
BRDA:42,6,1,1
BRDA:50,7,0,1
BRDA:50,7,1,0
BRDA:72,8,0,0
BRDA:72,8,1,0
BRDA:75,9,0,0
BRDA:75,9,1,0
BRF:19
BRH:9
end_of_record
TN:
SF:src\lib\entities\DataController\DataController.ts
FN:21,currentFont
FN:25,loadFonts
FN:29,currentMockupOptions
FN:43,retrieveDataFromIDB
FN:49,(anonymous_4)
FN:57,(anonymous_5)
FN:60,(anonymous_6)
FN:72,constructor
FN:77,reset
FNF:9
FNH:0
FNDA:0,currentFont
FNDA:0,loadFonts
FNDA:0,currentMockupOptions
FNDA:0,retrieveDataFromIDB
FNDA:0,(anonymous_4)
FNDA:0,(anonymous_5)
FNDA:0,(anonymous_6)
FNDA:0,constructor
FNDA:0,reset
DA:13,0
DA:17,0
DA:22,0
DA:26,0
DA:30,0
DA:31,0
DA:35,0
DA:44,0
DA:46,0
DA:47,0
DA:49,0
DA:50,0
DA:53,0
DA:57,0
DA:58,0
DA:60,0
DA:63,0
DA:64,0
DA:68,0
DA:73,0
DA:74,0
DA:78,0
DA:79,0
DA:81,0
LF:24
LH:0
BRDA:30,0,0,0
BRDA:30,0,1,0
BRDA:46,1,0,0
BRDA:46,1,1,0
BRDA:63,2,0,0
BRDA:63,2,1,0
BRF:6
BRH:0
end_of_record
TN:
SF:src\lib\entities\DataController\controllers\FontsController.ts
FN:6,loadFonts
FN:13,(anonymous_1)
FN:22,getFont
FNF:3
FNH:0
FNDA:0,loadFonts
FNDA:0,(anonymous_1)
FNDA:0,getFont
DA:4,0
DA:7,0
DA:8,0
DA:9,0
DA:10,0
DA:12,0
DA:14,0
DA:18,0
DA:23,0
LF:9
LH:0
BRF:0
BRH:0
end_of_record
TN:
SF:src\lib\entities\DataController\controllers\IDBController.ts
FN:2,getIDB
FN:14,createIDBSchema
FN:40,openDB
FN:43,(anonymous_3)
FN:47,(anonymous_4)
FN:48,(anonymous_5)
FN:49,(anonymous_6)
FN:53,transactionComplete
FN:54,(anonymous_8)
FN:55,(anonymous_9)
FN:56,(anonymous_10)
FN:57,(anonymous_11)
FN:61,initIDB
FN:87,resetWithNewData
FN:103,saveToIDB
FN:118,promisifyRequest
FN:119,(anonymous_16)
FN:120,(anonymous_17)
FN:121,(anonymous_18)
FNF:19
FNH:0
FNDA:0,getIDB
FNDA:0,createIDBSchema
FNDA:0,openDB
FNDA:0,(anonymous_3)
FNDA:0,(anonymous_4)
FNDA:0,(anonymous_5)
FNDA:0,(anonymous_6)
FNDA:0,transactionComplete
FNDA:0,(anonymous_8)
FNDA:0,(anonymous_9)
FNDA:0,(anonymous_10)
FNDA:0,(anonymous_11)
FNDA:0,initIDB
FNDA:0,resetWithNewData
FNDA:0,saveToIDB
FNDA:0,promisifyRequest
FNDA:0,(anonymous_16)
FNDA:0,(anonymous_17)
FNDA:0,(anonymous_18)
DA:5,0
DA:11,0
DA:16,0
DA:20,0
DA:23,0
DA:24,0
DA:25,0
DA:26,0
DA:27,0
DA:30,0
DA:35,0
DA:41,0
DA:43,0
DA:44,0
DA:47,0
DA:48,0
DA:49,0
DA:54,0
DA:55,0
DA:56,0
DA:57,0
DA:65,0
DA:67,0
DA:68,0
DA:70,0
DA:77,0
DA:79,0
DA:80,0
DA:83,0
DA:88,0
DA:89,0
DA:90,0
DA:92,0
DA:97,0
DA:99,0
DA:104,0
DA:106,0
DA:107,0
DA:109,0
DA:112,0
DA:114,0
DA:119,0
DA:120,0
DA:121,0
LF:44
LH:0
BRDA:5,0,0,0
BRDA:5,0,1,0
BRDA:5,0,2,0
BRDA:5,0,3,0
BRDA:5,0,4,0
BRDA:79,1,0,0
BRDA:79,1,1,0
BRF:7
BRH:0
end_of_record
TN:
SF:src\lib\entities\ViewController\ControlsManager.ts
FN:22,constructor
FN:27,init
FN:44,constructor_2
FN:52,createControls
FN:98,bindEvents
FN:99,(anonymous_5)
FN:103,(anonymous_6)
FN:107,(anonymous_7)
FN:111,(anonymous_8)
FN:115,(anonymous_9)
FN:116,(anonymous_10)
FN:138,constructor_3
FN:147,createControls_2
FN:213,bindEvents_2
FN:216,(anonymous_14)
FN:220,(anonymous_15)
FN:224,(anonymous_16)
FN:228,(anonymous_17)
FNF:18
FNH:0
FNDA:0,constructor
FNDA:0,init
FNDA:0,constructor_2
FNDA:0,createControls
FNDA:0,bindEvents
FNDA:0,(anonymous_5)
FNDA:0,(anonymous_6)
FNDA:0,(anonymous_7)
FNDA:0,(anonymous_8)
FNDA:0,(anonymous_9)
FNDA:0,(anonymous_10)
FNDA:0,constructor_3
FNDA:0,createControls_2
FNDA:0,bindEvents_2
FNDA:0,(anonymous_14)
FNDA:0,(anonymous_15)
FNDA:0,(anonymous_16)
FNDA:0,(anonymous_17)
DA:23,0
DA:24,0
DA:28,0
DA:29,0
DA:30,0
DA:46,0
DA:47,0
DA:49,0
DA:53,0
DA:60,0
DA:67,0
DA:74,0
DA:86,0
DA:99,0
DA:100,0
DA:103,0
DA:104,0
DA:107,0
DA:108,0
DA:111,0
DA:112,0
DA:115,0
DA:116,0
DA:118,0
DA:119,0
DA:121,0
DA:124,0
DA:140,0
DA:141,0
DA:142,0
DA:144,0
DA:148,0
DA:149,0
DA:160,0
DA:171,0
DA:187,0
DA:201,0
DA:214,0
DA:216,0
DA:217,0
DA:220,0
DA:221,0
DA:224,0
DA:225,0
DA:228,0
DA:229,0
LF:46
LH:0
BRDA:119,0,0,0
BRDA:119,0,1,0
BRF:2
BRH:0
end_of_record
TN:
SF:src\lib\entities\ViewController\OutlineCache.ts
FN:12,constructor
FN:14,get
FN:38,clear
FNF:3
FNH:0
FNDA:0,constructor
FNDA:0,get
FNDA:0,clear
DA:10,0
DA:12,0
DA:15,0
DA:17,0
DA:19,0
DA:20,0
DA:23,0
DA:25,0
DA:27,0
DA:33,0
DA:35,0
DA:39,0
LF:12
LH:0
BRDA:14,0,0,0
BRDA:19,1,0,0
BRDA:19,1,1,0
BRF:3
BRH:0
end_of_record
TN:
SF:src\lib\entities\ViewController\ViewController.ts
FN:58,constructor
FN:85,(anonymous_1)
FN:116,(anonymous_2)
FN:125,(anonymous_3)
FN:138,setVisibleMonth
FN:146,(anonymous_5)
FN:160,(anonymous_6)
FN:164,(anonymous_7)
FN:170,createOnePageSVGMockup
FN:341,(anonymous_9)
FN:389,createMultiPageSVGMockups
FN:492,(anonymous_11)
FN:518,(anonymous_12)
FN:586,getAndPlaceOutline
FN:606,createMonthGrid
FN:700,createDayCell
FNF:16
FNH:0
FNDA:0,constructor
FNDA:0,(anonymous_1)
FNDA:0,(anonymous_2)
FNDA:0,(anonymous_3)
FNDA:0,setVisibleMonth
FNDA:0,(anonymous_5)
FNDA:0,(anonymous_6)
FNDA:0,(anonymous_7)
FNDA:0,createOnePageSVGMockup
FNDA:0,(anonymous_9)
FNDA:0,createMultiPageSVGMockups
FNDA:0,(anonymous_11)
FNDA:0,(anonymous_12)
FNDA:0,getAndPlaceOutline
FNDA:0,createMonthGrid
FNDA:0,createDayCell
DA:51,0
DA:53,0
DA:54,0
DA:58,0
DA:59,0
DA:61,0
DA:63,0
DA:65,0
DA:66,0
DA:67,0
DA:69,0
DA:70,0
DA:72,0
DA:73,0
DA:75,0
DA:80,0
DA:82,0
DA:84,0
DA:85,0
DA:86,0
DA:88,0
DA:89,0
DA:92,0
DA:101,0
DA:104,0
DA:107,0
DA:108,0
DA:110,0
DA:112,0
DA:116,0
DA:117,0
DA:118,0
DA:119,0
DA:122,0
DA:125,0
DA:126,0
DA:128,0
DA:129,0
DA:132,0
DA:139,0
DA:146,0
DA:147,0
DA:148,0
DA:153,0
DA:160,0
DA:161,0
DA:164,0
DA:165,0
DA:171,0
DA:172,0
DA:173,0
DA:175,0
DA:181,0
DA:187,0
DA:197,0
DA:208,0
DA:214,0
DA:216,0
DA:217,0
DA:219,0
DA:235,0
DA:248,0
DA:258,0
DA:265,0
DA:266,0
DA:268,0
DA:271,0
DA:273,0
DA:275,0
DA:276,0
DA:280,0
DA:294,0
DA:296,0
DA:302,0
DA:303,0
DA:305,0
DA:312,0
DA:318,0
DA:319,0
DA:321,0
DA:328,0
DA:334,0
DA:341,0
DA:343,0
DA:345,0
DA:352,0
DA:364,0
DA:366,0
DA:367,0
DA:368,0
DA:371,0
DA:383,0
DA:386,0
DA:390,0
DA:392,0
DA:393,0
DA:394,0
DA:396,0
DA:402,0
DA:408,0
DA:410,0
DA:413,0
DA:414,0
DA:425,0
DA:436,0
DA:447,0
DA:453,0
DA:459,0
DA:460,0
DA:462,0
DA:469,0
DA:475,0
DA:476,0
DA:478,0
DA:485,0
DA:492,0
DA:493,0
DA:511,0
DA:518,0
DA:520,0
DA:522,0
DA:524,0
DA:539,0
DA:552,0
DA:562,0
DA:564,0
DA:565,0
DA:566,0
DA:569,0
DA:580,0
DA:583,0
DA:594,0
DA:596,0
DA:616,0
DA:618,0
DA:620,0
DA:621,0
DA:627,0
DA:628,0
DA:630,0
DA:632,0
DA:634,0
DA:636,0
DA:637,0
DA:638,0
DA:646,0
DA:648,0
DA:649,0
DA:660,0
DA:667,0
DA:669,0
DA:670,0
DA:674,0
DA:681,0
DA:683,0
DA:684,0
DA:695,0
DA:696,0
DA:701,0
DA:705,0
DA:717,0
DA:725,0
LF:162
LH:0
BRDA:66,0,0,0
BRDA:66,0,1,0
BRDA:118,1,0,0
BRDA:118,1,1,0
BRDA:128,2,0,0
BRDA:128,2,1,0
BRDA:146,3,0,0
BRDA:147,4,0,0
BRDA:147,4,1,0
BRDA:216,5,0,0
BRDA:216,5,1,0
BRDA:273,6,0,0
BRDA:273,6,1,0
BRDA:343,7,0,0
BRDA:343,7,1,0
BRDA:343,8,0,0
BRDA:343,8,1,0
BRDA:348,9,0,0
BRDA:348,9,1,0
BRDA:366,10,0,0
BRDA:366,10,1,0
BRDA:520,11,0,0
BRDA:520,11,1,0
BRDA:564,12,0,0
BRDA:564,12,1,0
BRDA:591,13,0,0
BRDA:592,14,0,0
BRDA:636,15,0,0
BRDA:636,15,1,0
BRF:29
BRH:0
end_of_record
TN:
SF:src\lib\utils\SVGToCanvasBlob.ts
FN:3,SVGToCanvasBlob
FN:8,SVGToCanvas
FN:27,(anonymous_2)
FN:28,(anonymous_3)
FN:34,(anonymous_4)
FNF:5
FNH:0
FNDA:0,SVGToCanvasBlob
FNDA:0,SVGToCanvas
FNDA:0,(anonymous_2)
FNDA:0,(anonymous_3)
FNDA:0,(anonymous_4)
DA:4,0
DA:5,0
DA:13,0
DA:14,0
DA:17,0
DA:19,0
DA:20,0
DA:22,0
DA:23,0
DA:25,0
DA:27,0
DA:28,0
DA:29,0
DA:31,0
DA:32,0
DA:34,0
DA:35,0
DA:36,0
DA:39,0
LF:19
LH:0
BRF:0
BRH:0
end_of_record
TN:
SF:src\lib\utils\canvasToBlob.ts
FN:1,canvasToBlob
FN:6,(anonymous_1)
FN:8,(anonymous_2)
FNF:3
FNH:0
FNDA:0,canvasToBlob
FNDA:0,(anonymous_1)
FNDA:0,(anonymous_2)
DA:6,0
DA:7,0
DA:9,0
DA:10,0
DA:12,0
LF:5
LH:0
BRDA:3,0,0,0
BRDA:9,1,0,0
BRDA:9,1,1,0
BRF:3
BRH:0
end_of_record
TN:
SF:src\lib\utils\checkAndShrinkImage.ts
FN:1,checkAndShrinkImage
FN:6,(anonymous_1)
FN:10,(anonymous_2)
FN:38,(anonymous_3)
FN:48,(anonymous_4)
FNF:5
FNH:0
FNDA:0,checkAndShrinkImage
FNDA:0,(anonymous_1)
FNDA:0,(anonymous_2)
FNDA:0,(anonymous_3)
FNDA:0,(anonymous_4)
DA:6,0
DA:7,0
DA:8,0
DA:10,0
DA:11,0
DA:13,0
DA:15,0
DA:16,0
DA:17,0
DA:20,0
DA:22,0
DA:23,0
DA:25,0
DA:26,0
DA:27,0
DA:29,0
DA:31,0
DA:32,0
DA:33,0
DA:36,0
DA:38,0
DA:39,0
DA:40,0
DA:41,0
DA:44,0
DA:48,0
DA:49,0
DA:50,0
DA:53,0
LF:29
LH:0
BRDA:15,0,0,0
BRDA:15,0,1,0
BRDA:15,1,0,0
BRDA:15,1,1,0
BRDA:31,2,0,0
BRDA:31,2,1,0
BRDA:39,3,0,0
BRDA:39,3,1,0
BRDA:45,4,0,0
BRDA:45,4,1,0
BRF:10
BRH:0
end_of_record
TN:
SF:src\lib\utils\getDaysInMonth.ts
FN:7,getDaysInMonth
FNF:1
FNH:1
FNDA:1,getDaysInMonth
DA:8,1
LF:1
LH:1
BRF:0
BRH:0
end_of_record
TN:
SF:src\lib\utils\getImageDimensionsAndPlacement.ts
FN:1,getImageDimensionsAndPlacement
FNF:1
FNH:0
FNDA:0,getImageDimensionsAndPlacement
DA:14,0
DA:15,0
DA:17,0
DA:19,0
DA:20,0
DA:23,0
DA:24,0
DA:28,0
DA:29,0
DA:31,0
LF:10
LH:0
BRDA:17,0,0,0
BRDA:17,0,1,0
BRF:2
BRH:0
end_of_record
TN:
SF:src\lib\utils\getImageSize.ts
FN:1,getImageSize
FNF:1
FNH:0
FNDA:0,getImageSize
DA:2,0
DA:4,0
LF:2
LH:0
BRF:0
BRH:0
end_of_record
TN:
SF:src\lib\utils\getMonthFirstDay.ts
FN:6,getMonthFirstDay
FNF:1
FNH:1
FNDA:1,getMonthFirstDay
DA:7,1
DA:8,1
DA:9,1
DA:11,0
LF:4
LH:3
BRDA:8,0,0,1
BRDA:8,0,1,0
BRF:2
BRH:1
end_of_record
TN:
SF:src\lib\utils\getMonthsList.ts
FN:1,(anonymous_0)
FN:2,(anonymous_1)
FNF:2
FNH:2
FNDA:1,(anonymous_0)
FNDA:12,(anonymous_1)
DA:1,1
DA:2,1
DA:3,12
DA:5,12
DA:6,12
DA:9,12
LF:6
LH:6
BRDA:1,0,0,1
BRDA:5,1,0,12
BRDA:5,1,1,0
BRF:3
BRH:2
end_of_record
TN:
SF:src\lib\utils\getWeekDays.ts
FN:7,getWeekDays
FN:11,(anonymous_1)
FNF:2
FNH:2
FNDA:1,getWeekDays
FNDA:7,(anonymous_1)
DA:11,1
DA:12,7
DA:17,7
DA:18,7
DA:20,7
LF:5
LH:5
BRDA:17,0,0,7
BRDA:17,0,1,0
BRF:2
BRH:1
end_of_record
TN:
SF:src\lib\utils\getYears.ts
FN:1,getYears
FNF:1
FNH:0
FNDA:0,getYears
DA:2,0
DA:3,0
DA:5,0
DA:6,0
DA:9,0
LF:5
LH:0
BRF:0
BRH:0
end_of_record
TN:
SF:src\lib\utils\readFile.ts
FN:1,readFile
FN:2,(anonymous_1)
FN:4,(anonymous_2)
FN:11,(anonymous_3)
FNF:4
FNH:0
FNDA:0,readFile
FNDA:0,(anonymous_1)
FNDA:0,(anonymous_2)
FNDA:0,(anonymous_3)
DA:2,0
DA:3,0
DA:4,0
DA:5,0
DA:6,0
DA:8,0
DA:11,0
DA:12,0
DA:14,0
LF:9
LH:0
BRDA:5,0,0,0
BRDA:5,0,1,0
BRF:2
BRH:0
end_of_record
TN:
SF:src\lib\utils\DOM\Dropdown.ts
FN:25,constructor
FN:36,render
FN:68,(anonymous_2)
FN:75,(anonymous_3)
FN:85,attachEvents
FN:86,(anonymous_5)
FN:90,(anonymous_6)
FN:96,(anonymous_7)
FN:103,close
FN:107,select
FN:112,(anonymous_10)
FNF:11
FNH:0
FNDA:0,constructor
FNDA:0,render
FNDA:0,(anonymous_2)
FNDA:0,(anonymous_3)
FNDA:0,attachEvents
FNDA:0,(anonymous_5)
FNDA:0,(anonymous_6)
FNDA:0,(anonymous_7)
FNDA:0,close
FNDA:0,select
FNDA:0,(anonymous_10)
DA:25,0
DA:26,0
DA:27,0
DA:29,0
DA:31,0
DA:33,0
DA:37,0
DA:38,0
DA:40,0
DA:62,0
DA:64,0
DA:65,0
DA:66,0
DA:68,0
DA:69,0
DA:71,0
DA:73,0
DA:75,0
DA:76,0
DA:78,0
DA:81,0
DA:86,0
DA:87,0
DA:90,0
DA:91,0
DA:92,0
DA:96,0
DA:97,0
DA:98,0
DA:104,0
DA:108,0
DA:110,0
DA:112,0
DA:113,0
DA:116,0
DA:117,0
LF:36
LH:0
BRDA:26,0,0,0
BRDA:26,0,1,0
BRDA:91,1,0,0
BRDA:91,1,1,0
BRDA:97,2,0,0
BRDA:97,2,1,0
BRDA:107,3,0,0
BRDA:116,4,0,0
BRDA:116,4,1,0
BRF:9
BRH:0
end_of_record
TN:
SF:src\lib\utils\DOM\createDropdowns.ts
FN:17,createDropdowns
FN:23,(anonymous_1)
FN:34,(anonymous_2)
FN:37,(anonymous_3)
FN:46,(anonymous_4)
FN:60,(anonymous_5)
FN:73,(anonymous_6)
FNF:7
FNH:0
FNDA:0,createDropdowns
FNDA:0,(anonymous_1)
FNDA:0,(anonymous_2)
FNDA:0,(anonymous_3)
FNDA:0,(anonymous_4)
FNDA:0,(anonymous_5)
FNDA:0,(anonymous_6)
DA:19,0
DA:23,0
DA:29,0
DA:30,0
DA:32,0
DA:34,0
DA:37,0
DA:41,0
DA:47,0
DA:48,0
DA:50,0
DA:56,0
DA:60,0
DA:68,0
DA:74,0
DA:75,0
DA:76,0
DA:78,0
DA:83,0
LF:19
LH:0
BRDA:47,0,0,0
BRDA:47,0,1,0
BRDA:75,1,0,0
BRDA:75,1,1,0
BRF:4
BRH:0
end_of_record
TN:
SF:src\lib\utils\DOM\createElement\createHTMLElement.ts
FN:4,(anonymous_0)
FN:30,(anonymous_1)
FNF:2
FNH:0
FNDA:0,(anonymous_0)
FNDA:0,(anonymous_1)
DA:4,0
DA:7,0
DA:9,0
DA:10,0
DA:13,0
DA:14,0
DA:17,0
DA:18,0
DA:21,0
DA:22,0
DA:25,0
DA:26,0
DA:29,0
DA:30,0
DA:33,0
DA:34,0
DA:37,0
DA:38,0
DA:39,0
DA:43,0
LF:20
LH:0
BRDA:9,0,0,0
BRDA:9,0,1,0
BRDA:13,1,0,0
BRDA:13,1,1,0
BRDA:17,2,0,0
BRDA:17,2,1,0
BRDA:21,3,0,0
BRDA:21,3,1,0
BRDA:25,4,0,0
BRDA:25,4,1,0
BRDA:29,5,0,0
BRDA:29,5,1,0
BRDA:33,6,0,0
BRDA:33,6,1,0
BRDA:37,7,0,0
BRDA:37,7,1,0
BRF:16
BRH:0
end_of_record
TN:
SF:src\lib\utils\DOM\createElement\createSVGElement.ts
FN:4,(anonymous_0)
FN:25,(anonymous_1)
FNF:2
FNH:1
FNDA:1,(anonymous_0)
FNDA:0,(anonymous_1)
DA:4,2
DA:7,1
DA:12,1
DA:13,1
DA:16,1
DA:17,0
DA:20,1
DA:21,1
DA:24,1
DA:25,0
DA:28,1
DA:29,1
DA:30,1
DA:34,1
DA:35,0
DA:36,0
DA:40,1
LF:17
LH:13
BRDA:12,0,0,1
BRDA:12,0,1,0
BRDA:16,1,0,0
BRDA:16,1,1,1
BRDA:20,2,0,1
BRDA:20,2,1,0
BRDA:24,3,0,0
BRDA:24,3,1,1
BRDA:28,4,0,1
BRDA:28,4,1,0
BRDA:34,5,0,0
BRDA:34,5,1,1
BRF:12
BRH:6
end_of_record
